2018-10-29 12:52:46,109 - INFO - Botler Slack Iniciando....
2018-10-29 12:53:19,701 - INFO - Botler Conectado!
2018-10-29 12:55:02,630 - INFO - Mensaje recibido de :GCX64GBGA Muestrame informacion sonbre el agente cfort
2018-10-29 12:55:07,729 - INFO - Botler Slack Iniciando....
2018-10-29 12:55:32,061 - INFO - Botler Conectado!
2018-10-29 12:56:17,933 - INFO - Mensaje recibido de :GCX64GBGA Muestrame informacion sonbre el agente cfort
2018-10-29 12:56:17,944 - INFO - Sesion dialogflow: projects/botler-67f0e/agent/sessions/GCX64GBGA
2018-10-29 12:56:43,373 - INFO - Botler Slack Iniciando....
2018-10-29 12:57:09,227 - INFO - Botler Conectado!
2018-10-29 12:57:57,115 - INFO - Mensaje recibido de :GCX64GBGA Muestrame informacion sonbre el agente cfort
2018-10-29 12:57:57,124 - INFO - Sesion dialogflow: projects/botler-67f0e/agent/sessions/GCX64GBGA
2018-10-29 12:58:08,175 - INFO - Respuesta: b'*Charles Fort*\nDIRECTOR(A) INFORMATICA Y COMUNICACIONES\ncfort@puntacana.com\nEmpleado: 1038\nExtension: 4301 Celular: 18092223100'
2018-10-29 17:17:47,477 - INFO - Botler Slack Iniciando....
2018-10-29 17:18:07,072 - INFO - Botler Conectado!
2018-10-29 17:21:52,094 - INFO - Mensaje recibido de :GCX64GBGA desbloquear al agente cfort
2018-10-29 17:21:52,104 - INFO - Sesion dialogflow: projects/botler-67f0e/agent/sessions/GCX64GBGA
2018-10-29 17:22:17,260 - INFO - Botler Slack Iniciando....
2018-10-29 17:22:37,267 - INFO - Botler Conectado!
2018-10-29 17:28:50,997 - INFO - Botler Slack Iniciando....
2018-10-29 17:28:55,173 - INFO - Botler Conectado!
2018-10-29 17:30:44,104 - INFO - Mensaje recibido de :GCX64GBGA Muestrame informacion sonbre el agente cfort
2018-10-29 17:30:47,148 - INFO - Compute Engine Metadata server unavailable.
2018-10-29 17:32:51,213 - INFO - Botler Slack Iniciando....
2018-10-29 17:32:52,317 - INFO - Botler Conectado!
2018-10-29 17:34:12,647 - INFO - Botler Slack Iniciando....
2018-10-29 17:34:13,531 - INFO - Botler Conectado!
2018-10-29 17:37:59,885 - INFO - Mensaje recibido de :GCX64GBGA Muestrame informacion sonbre el agente cfort
2018-10-29 17:37:59,933 - INFO - Sesion dialogflow: projects/botler-67f0e/agent/sessions/GCX64GBGA
2018-10-29 17:38:06,418 - INFO - Respuesta: b'no encuentro ningun agente con ese nombre de usuario'
2018-10-29 17:41:27,294 - INFO - Botler Slack Iniciando....
2018-10-29 17:41:30,148 - INFO - Botler Conectado!
2018-10-29 17:42:26,564 - INFO - Botler Slack Iniciando....
2018-10-29 17:42:27,891 - INFO - Botler Conectado!
2018-10-29 17:42:34,523 - INFO - Mensaje recibido de :GCX64GBGA Muestrame informacion sonbre el agente cfort
2018-10-29 17:42:34,542 - INFO - Sesion dialogflow: projects/botler-67f0e/agent/sessions/GCX64GBGA
2018-10-29 17:42:40,680 - INFO - Respuesta: b'no encuentro ningun agente con ese nombre de usuario'
2018-10-29 17:44:15,074 - INFO - Botler Slack Iniciando....
2018-10-29 17:44:41,268 - INFO - Botler Conectado!
2018-10-29 17:44:52,125 - INFO - Mensaje recibido de :GCX64GBGA Muestrame informacion sonbre el agente cfort
2018-10-29 17:44:52,139 - INFO - Sesion dialogflow: projects/botler-67f0e/agent/sessions/GCX64GBGA
2018-10-29 17:45:01,234 - INFO - Respuesta: b'*Charles Fort*\nDIRECTOR(A) INFORMATICA Y COMUNICACIONES\ncfort@puntacana.com\nEmpleado: 1038\nExtension: 4301 Celular: 18092223100'
2018-10-29 17:46:03,083 - INFO - Mensaje recibido de :GCX64GBGA desbloquear usuario cfort
2018-10-29 17:46:03,087 - INFO - Sesion dialogflow: projects/botler-67f0e/agent/sessions/GCX64GBGA
2018-10-29 17:46:04,067 - INFO - Respuesta: b'no encuentro ningun cliente con ese nombre de usuario'
2018-10-29 17:46:24,321 - INFO - Mensaje recibido de :GCX64GBGA desbloquear agente cfort
2018-10-29 17:46:24,325 - INFO - Sesion dialogflow: projects/botler-67f0e/agent/sessions/GCX64GBGA
2018-10-29 17:46:25,719 - INFO - Respuesta: b'Usuario *Charles Fort* desbloqueado'
2018-10-29 17:48:22,832 - INFO - Botler Slack Iniciando....
2018-10-29 17:48:45,695 - INFO - Botler Conectado!
2018-10-29 17:49:18,376 - INFO - Mensaje recibido de :GCX64GBGA desbloquear agente cfort
2018-10-29 17:49:18,385 - INFO - Sesion dialogflow: projects/botler-67f0e/agent/sessions/GCX64GBGA
2018-10-29 17:49:28,372 - INFO - Respuesta: b'Usuario *Charles Fort* desbloqueado'
2018-10-29 17:50:58,509 - INFO - Botler Slack Iniciando....
2018-10-29 17:51:22,208 - INFO - Botler Conectado!
2018-10-30 04:01:14,592 - INFO - Botler Slack Iniciando....
2018-10-30 04:01:43,310 - INFO - Botler Conectado!
